  source.cpp
  jcapimin.cpp
  jcapistd.cpp
  jccoefct.cpp
  jccolor.cpp
  jcdctmgr.cpp
  jchuff.cpp
  jcinit.cpp
  jcmainct.cpp
  jcmarker.cpp
  jcmaster.cpp
  jcomapi.cpp
  jcparam.cpp
  jcphuff.cpp
  jcprepct.cpp
  jcsample.cpp
  jdapimin.cpp
  jdapistd.cpp
  jdatadst.cpp
  jdatasrc.cpp
  Compiling...
  jdcoefct.cpp
  jdcolor.cpp
  jddctmgr.cpp
  jdhuff.cpp
  jdinput.cpp
  jdmainct.cpp
  jdmarker.cpp
  jdmaster.cpp
  jdmerge.cpp
  jdphuff.cpp
  jdpostct.cpp
  jdsample.cpp
  jerror.cpp
  jfdctflt.cpp
  jfdctfst.cpp
  jfdctint.cpp
  jidctflt.cpp
  jidctfst.cpp
  jidctint.cpp
  jidctred.cpp
  Compiling...
  jmemmgr.cpp
  jmemnobs.cpp
  jquant1.cpp
  jquant2.cpp
  jutils.cpp
  detect_recoginze.cpp
  load_image.cpp
  main.cpp
d:\study\20181\project1\code\detect and face recognition\detect and face recognition\main.cpp(57): warning C4101: 'a': unreferenced local variable
  svm.cpp
  Generating code
d:\study\20181\project1\code\detect and face recognition\detect and face recognition\svm.cpp(83): warning C4715: 'train_data': not all control paths return a value
  420 of 20785 functions ( 2.0%) were compiled, the rest were copied from previous compilation.
    78 functions were new in current compilation
    329 functions had inline decision re-evaluated but remain unchanged
  Finished generating code
  Detect and Face recognition.vcxproj -> D:\study\20181\Project1\code\Detect and Face recognition\x64\Release\Detect and Face recognition.exe
